<?xml version="1.0" encoding="UTF-8"?>
<testsuite xmlns:xsi="http://www.w3.org/2001/XMLSchema-instance" xsi:noNamespaceSchemaLocation="https://maven.apache.org/surefire/maven-surefire-plugin/xsd/surefire-test-report-3.0.xsd" version="3.0" name="com.example.praza_inzynierska.forum.CommentServiceTest" time="0.29" tests="10" errors="0" skipped="0" failures="0">
  <properties>
[...]
</properties>
  <testcase name="addComment_PostOrUserNotFound_ShouldReturnInternalServerError" classname="com.example.praza_inzynierska.forum.CommentServiceTest" time="0.112"/>
  <testcase name="deleteCommentById_Success_ShouldReturnOk" classname="com.example.praza_inzynierska.forum.CommentServiceTest" time="0.003"/>
  <testcase name="addComment_Success_ShouldReturnOk" classname="com.example.praza_inzynierska.forum.CommentServiceTest" time="0.024"/>
  <testcase name="deleteCommentById_ThrowsException_ShouldReturnInternalServerError" classname="com.example.praza_inzynierska.forum.CommentServiceTest" time="0.001">
    <system-err><![CDATA[java.lang.RuntimeException
]]></system-err>
  </testcase>
  <testcase name="addComment_UserNotFound_ShouldReturnInternalServerError" classname="com.example.praza_inzynierska.forum.CommentServiceTest" time="0.003"/>
  <testcase name="deleteCommentById_CommentNotFound_ShouldReturnInternalServerError" classname="com.example.praza_inzynierska.forum.CommentServiceTest" time="0.002"/>
  <testcase name="fetchAllComments_ThrowsException_ShouldReturnInternalServerError" classname="com.example.praza_inzynierska.forum.CommentServiceTest" time="0.001">
    <system-err><![CDATA[java.lang.RuntimeException
]]></system-err>
  </testcase>
  <testcase name="addComment_ThrowsException_ShouldReturnInternalServerError" classname="com.example.praza_inzynierska.forum.CommentServiceTest" time="0.002">
    <system-err><![CDATA[java.lang.RuntimeException
]]></system-err>
  </testcase>
  <testcase name="fetchAllComments_PostNotFound_ShouldReturnInternalServerError" classname="com.example.praza_inzynierska.forum.CommentServiceTest" time="0.004"/>
  <testcase name="fetchAllComments_Success_ShouldReturnListOfComments" classname="com.example.praza_inzynierska.forum.CommentServiceTest" time="0.127"/>
</testsuite>